SF:lib/api/rae_api.dart
DA:11,1
DA:13,1
DA:15,2
DA:16,2
DA:18,2
DA:19,1
DA:21,2
LF:7
LH:7
end_of_record
SF:lib/exception/custom_exception.dart
DA:3,2
DA:8,2
LF:2
LH:2
end_of_record
SF:lib/service/rae_service.dart
DA:12,1
DA:14,1
DA:16,2
DA:17,1
DA:18,1
DA:20,1
DA:23,1
DA:27,1
DA:28,3
DA:31,1
DA:33,1
DA:34,1
LF:12
LH:12
end_of_record
SF:lib/helper/word_form_validation.dart
DA:1,1
DA:2,1
DA:6,2
DA:13,1
DA:14,3
DA:17,1
DA:18,2
LF:7
LH:7
end_of_record
SF:lib/bloc/rae_state.dart
DA:7,1
DA:12,1
DA:13,4
DA:21,1
DA:25,1
DA:33,1
DA:37,1
DA:45,1
DA:49,1
DA:58,1
DA:59,1
DA:65,1
DA:66,5
DA:74,1
DA:78,1
DA:86,1
DA:90,1
LF:17
LH:17
end_of_record
SF:lib/bloc/rae_bloc.dart
DA:13,3
DA:14,1
DA:15,1
DA:16,1
DA:17,2
DA:18,1
DA:22,1
DA:23,2
DA:26,1
DA:27,1
DA:28,1
DA:29,2
DA:30,2
DA:40,1
DA:41,1
DA:43,2
DA:44,2
DA:47,2
DA:48,2
DA:50,1
DA:51,2
DA:52,1
DA:53,2
LF:23
LH:23
end_of_record
SF:lib/bloc/rae_event.dart
DA:4,1
DA:6,1
DA:7,1
DA:13,1
DA:15,1
DA:16,2
LF:6
LH:6
end_of_record
